[debug] [2026-03-25T14:57:49.678Z] ----------------------------------------------------------------------
[debug] [2026-03-25T14:57:49.688Z] Command:       /home/logan/.nvm/versions/node/v24.14.0/bin/node /usr/local/bin/firebase deploy --only hosting
[debug] [2026-03-25T14:57:49.689Z] CLI Version:   15.11.0
[debug] [2026-03-25T14:57:49.689Z] Platform:      linux
[debug] [2026-03-25T14:57:49.689Z] Node Version:  v24.14.0
[debug] [2026-03-25T14:57:49.689Z] Time:          Wed Mar 25 2026 08:57:49 GMT-0600 (Mountain Daylight Time)
[debug] [2026-03-25T14:57:49.690Z] ----------------------------------------------------------------------
[debug] 
[debug] [2026-03-25T14:57:52.190Z] > command requires scopes: ["email","openid","https://www.googleapis.com/auth/cloudplatformprojects.readonly","https://www.googleapis.com/auth/firebase","https://www.googleapis.com/auth/cloud-platform"]
[debug] [2026-03-25T14:57:52.191Z] > authorizing via signed-in user (logan.a.wayne.oculus@gmail.com)
[debug] [2026-03-25T14:57:52.191Z] [iam] checking project logipoosite for permissions ["firebase.projects.get","firebasehosting.sites.update"]
[debug] [2026-03-25T14:57:52.192Z] Checked if tokens are valid: false, expires at: 1774383690169
[debug] [2026-03-25T14:57:52.193Z] Checked if tokens are valid: false, expires at: 1774383690169
[debug] [2026-03-25T14:57:52.193Z] > refreshing access token with scopes: []
[debug] [2026-03-25T14:57:52.196Z] >>> [apiv2][query] POST https://www.googleapis.com/oauth2/v3/token [none]
[debug] [2026-03-25T14:57:52.196Z] >>> [apiv2][body] POST https://www.googleapis.com/oauth2/v3/token [omitted]
[debug] [2026-03-25T14:57:52.368Z] <<< [apiv2][status] POST https://www.googleapis.com/oauth2/v3/token 200
[debug] [2026-03-25T14:57:52.369Z] <<< [apiv2][body] POST https://www.googleapis.com/oauth2/v3/token [omitted]
[debug] [2026-03-25T14:57:52.376Z] >>> [apiv2][query] POST https://cloudresourcemanager.googleapis.com/v1/projects/logipoosite:testIamPermissions [none]
[debug] [2026-03-25T14:57:52.377Z] >>> [apiv2][(partial)header] POST https://cloudresourcemanager.googleapis.com/v1/projects/logipoosite:testIamPermissions  x-goog-user-project=logipoosite
[debug] [2026-03-25T14:57:52.377Z] >>> [apiv2][body] POST https://cloudresourcemanager.googleapis.com/v1/projects/logipoosite:testIamPermissions {"permissions":["firebase.projects.get","firebasehosting.sites.update"]}
[debug] [2026-03-25T14:57:52.525Z] <<< [apiv2][status] POST https://cloudresourcemanager.googleapis.com/v1/projects/logipoosite:testIamPermissions 200
[debug] [2026-03-25T14:57:52.525Z] <<< [apiv2][body] POST https://cloudresourcemanager.googleapis.com/v1/projects/logipoosite:testIamPermissions {"permissions":["firebase.projects.get","firebasehosting.sites.update"]}
[debug] [2026-03-25T14:57:52.526Z] Checked if tokens are valid: true, expires at: 1774454271369
[debug] [2026-03-25T14:57:52.527Z] Checked if tokens are valid: true, expires at: 1774454271369
[debug] [2026-03-25T14:57:52.527Z] >>> [apiv2][query] GET https://firebase.googleapis.com/v1beta1/projects/logipoosite [none]
